Base path: '/Users/builduser/buildslave/unity/build/build/MacEditor/Unity.app/Contents', plugins path ''
Cmd: initializeCompiler
Cmd: translateComputeKernel
  api=14 insize=8945 outsize=1659 ok=1
Cmd: compileComputeKernel
  api=14 insize=15603 outsize=31938 ok=1
Cmd: compileComputeKernel
  api=14 insize=15603 outsize=53717 ok=1
Cmd: compileComputeKernel
  api=14 insize=15603 outsize=68451 ok=1
Cmd: compileComputeKernel
  api=14 insize=15603 outsize=61017 ok=1
Cmd: compileComputeKernel
  api=14 insize=15603 outsize=68573 ok=1
Cmd: compileComputeKernel
  api=14 insize=15603 outsize=56110 ok=1
Cmd: compileComputeKernel
  api=14 insize=15603 outsize=80696 ok=1
Cmd: compileComputeKernel
  api=14 insize=15603 outsize=45970 ok=1
Cmd: compileComputeKernel
  api=14 insize=15603 outsize=50057 ok=1
Cmd: translateComputeKernel
  api=14 insize=46967 outsize=87835 ok=1
Cmd: translateComputeKernel
  api=14 insize=79158 outsize=168525 ok=1
Cmd: translateComputeKernel
  api=14 insize=49716 outsize=93247 ok=1
Cmd: translateComputeKernel
  api=14 insize=57279 outsize=111541 ok=1
Cmd: translateComputeKernel
  api=14 insize=69562 outsize=142111 ok=1
Cmd: translateComputeKernel
  api=14 insize=44290 outsize=79992 ok=1
Cmd: translateComputeKernel
  api=14 insize=24710 outsize=34594 ok=1
Cmd: translateComputeKernel
  api=14 insize=25844 outsize=37094 ok=1
Cmd: translateComputeKernel
  api=14 insize=33076 outsize=53019 ok=1
Cmd: translateComputeKernel
  api=14 insize=61842 outsize=126175 ok=1
Cmd: translateComputeKernel
  api=14 insize=71468 outsize=149021 ok=1
Cmd: translateComputeKernel
  api=14 insize=71835 outsize=148800 ok=1
Cmd: translateComputeKernel
  api=14 insize=46059 outsize=85109 ok=1
Cmd: compileComputeKernel
  api=14 insize=25750 outsize=17507 ok=1
Cmd: translateComputeKernel
  api=14 insize=17510 outsize=34128 ok=1
Cmd: translateComputeKernel
  api=14 insize=1337 outsize=715 ok=1
Cmd: translateComputeKernel
  api=14 insize=9836 outsize=2945 ok=1
Cmd: translateComputeKernel
  api=14 insize=11147 outsize=6277 ok=1
Cmd: compileComputeKernel
  api=14 insize=1326 outsize=1246 ok=1
Cmd: compileComputeKernel
  api=14 insize=975 outsize=9000 ok=1
Cmd: compileComputeKernel
  api=14 insize=9347 outsize=15288 ok=1
Cmd: translateComputeKernel
  api=14 insize=11818 outsize=17583 ok=1
Cmd: compileComputeKernel
  api=14 insize=9461 outsize=11914 ok=1
Cmd: translateComputeKernel
  api=14 insize=11952 outsize=6955 ok=1
Cmd: translateComputeKernel
  api=14 insize=8730 outsize=1474 ok=1
Cmd: compileComputeKernel
  api=14 insize=7423 outsize=1870 ok=1
Cmd: translateComputeKernel
  api=14 insize=6999 outsize=13530 ok=1
Cmd: translateComputeKernel
  api=14 insize=2715 outsize=4646 ok=1
Cmd: translateComputeKernel
  api=14 insize=9547 outsize=2384 ok=1
Cmd: compileComputeKernel
  api=14 insize=13624 outsize=3939 ok=1
Cmd: compileComputeKernel
  api=14 insize=21554 outsize=16544 ok=1
Cmd: translateComputeKernel
  api=14 insize=16621 outsize=34006 ok=1
Cmd: compileComputeKernel
  api=14 insize=7247 outsize=15342 ok=1
Cmd: compileComputeKernel
  api=14 insize=21751 outsize=22213 ok=1
Cmd: compileComputeKernel
  api=14 insize=3022 outsize=814 ok=1
Cmd: compileComputeKernel
  api=14 insize=7918 outsize=1327 ok=1
Cmd: compileComputeKernel
  api=14 insize=857 outsize=1094 ok=1
Cmd: compileComputeKernel
  api=14 insize=20668 outsize=103252 ok=1
Cmd: translateComputeKernel
  api=14 insize=35529 outsize=60661 ok=1
Cmd: compileComputeKernel
  api=14 insize=36515 outsize=46453 ok=1
Cmd: compileComputeKernel
  api=14 insize=36515 outsize=48036 ok=1
Cmd: translateComputeKernel
  api=14 insize=45645 outsize=88707 ok=1
Cmd: translateComputeKernel
  api=14 insize=45645 outsize=88707 ok=1
Cmd: compileComputeKernel
  api=14 insize=8350 outsize=3414 ok=1
Cmd: compileComputeKernel
  api=14 insize=17606 outsize=17713 ok=1
Cmd: compileComputeKernel
  api=14 insize=5065 outsize=9709 ok=1
Cmd: translateComputeKernel
  api=14 insize=10120 outsize=3473 ok=1
Cmd: compileComputeKernel
  api=14 insize=15717 outsize=12255 ok=1
Cmd: compileComputeKernel
  api=14 insize=3735 outsize=11120 ok=1
Cmd: compileComputeKernel
  api=14 insize=9814 outsize=4626 ok=1
Cmd: translateComputeKernel
  api=14 insize=5023 outsize=8658 ok=1
Cmd: compileComputeKernel
  api=14 insize=7700 outsize=12168 ok=1
Cmd: translateComputeKernel
  api=14 insize=15781 outsize=12615 ok=1
Cmd: compileComputeKernel
  api=14 insize=3918 outsize=1146 ok=1
Cmd: translateComputeKernel
  api=14 insize=11662 outsize=5994 ok=1
Cmd: compileComputeKernel
  api=14 insize=17632 outsize=13540 ok=1
Cmd: translateComputeKernel
  api=14 insize=13408 outsize=10084 ok=1
Cmd: translateComputeKernel
  api=14 insize=1525 outsize=1410 ok=1
Cmd: translateComputeKernel
  api=14 insize=5093 outsize=9168 ok=1

Quitting shader compiler process
