Base path: '/Users/builduser/buildslave/unity/build/build/MacEditor/Unity.app/Contents', plugins path ''
Cmd: initializeCompiler
Cmd: compileComputeKernel
  api=14 insize=15603 outsize=111113 ok=1
Cmd: compileComputeKernel
  api=14 insize=15603 outsize=48340 ok=1
Cmd: compileComputeKernel
  api=14 insize=15603 outsize=90560 ok=1
Cmd: compileComputeKernel
  api=14 insize=15603 outsize=45169 ok=1
Cmd: compileComputeKernel
  api=14 insize=15603 outsize=45094 ok=1
Cmd: compileComputeKernel
  api=14 insize=15603 outsize=70846 ok=1
Cmd: compileComputeKernel
  api=14 insize=15603 outsize=57903 ok=1
Cmd: translateComputeKernel
  api=14 insize=24699 outsize=34583 ok=1
Cmd: translateComputeKernel
  api=14 insize=59533 outsize=119525 ok=1
Cmd: translateComputeKernel
  api=14 insize=69175 outsize=142132 ok=1
Cmd: translateComputeKernel
  api=14 insize=62006 outsize=124281 ok=1
Cmd: translateComputeKernel
  api=14 insize=49408 outsize=92760 ok=1
Cmd: translateComputeKernel
  api=14 insize=45238 outsize=83172 ok=1
Cmd: translateComputeKernel
  api=14 insize=91347 outsize=196320 ok=1
Cmd: translateComputeKernel
  api=14 insize=45813 outsize=85820 ok=1
Cmd: translateComputeKernel
  api=14 insize=64255 outsize=130765 ok=1
Cmd: translateComputeKernel
  api=14 insize=60376 outsize=120940 ok=1
Cmd: translateComputeKernel
  api=14 insize=84036 outsize=180485 ok=1
Cmd: compileComputeKernel
  api=14 insize=25750 outsize=17469 ok=1
Cmd: translateComputeKernel
  api=14 insize=16312 outsize=31849 ok=1
Cmd: translateComputeKernel
  api=14 insize=18329 outsize=35580 ok=1
Cmd: translateComputeKernel
  api=14 insize=14003 outsize=12414 ok=1
Cmd: translateComputeKernel
  api=14 insize=3796 outsize=6310 ok=1
Cmd: translateComputeKernel
  api=14 insize=1312 outsize=1327 ok=1
Cmd: translateComputeKernel
  api=14 insize=14109 outsize=11937 ok=1
Cmd: compileComputeKernel
  api=14 insize=9347 outsize=11811 ok=1
Cmd: translateComputeKernel
  api=14 insize=9806 outsize=13924 ok=1
Cmd: compileComputeKernel
  api=14 insize=11383 outsize=17936 ok=1
Cmd: compileComputeKernel
  api=14 insize=9461 outsize=831 ok=1
Cmd: compileComputeKernel
  api=14 insize=4025 outsize=12248 ok=1
Cmd: compileComputeKernel
  api=14 insize=4918 outsize=11336 ok=1
Cmd: compileComputeKernel
  api=14 insize=3257 outsize=10683 ok=1
Cmd: compileComputeKernel
  api=14 insize=11912 outsize=2075 ok=1
Cmd: compileComputeKernel
  api=14 insize=7423 outsize=1881 ok=1
Cmd: translateComputeKernel
  api=14 insize=1881 outsize=2337 ok=1
Cmd: compileComputeKernel
  api=14 insize=13624 outsize=10494 ok=1
Cmd: compileComputeKernel
  api=14 insize=1834 outsize=1503 ok=1
Cmd: compileComputeKernel
  api=14 insize=21554 outsize=17057 ok=1
Cmd: translateComputeKernel
  api=14 insize=16544 outsize=33966 ok=1
Cmd: compileComputeKernel
  api=14 insize=2905 outsize=2640 ok=1
Cmd: compileComputeKernel
  api=14 insize=4423 outsize=3343 ok=1
Cmd: compileComputeKernel
  api=14 insize=3022 outsize=4153 ok=1
Cmd: translateComputeKernel
  api=14 insize=2800 outsize=4891 ok=1
Cmd: translateComputeKernel
  api=14 insize=14098 outsize=16231 ok=1
Cmd: compileComputeKernel
  api=14 insize=20668 outsize=35529 ok=1
Cmd: compileComputeKernel
  api=14 insize=36515 outsize=45133 ok=1
Cmd: compileComputeKernel
  api=14 insize=36515 outsize=45919 ok=1
Cmd: translateComputeKernel
  api=14 insize=47572 outsize=92682 ok=1
Cmd: translateComputeKernel
  api=14 insize=49076 outsize=95311 ok=1
Cmd: translateComputeKernel
  api=14 insize=2428 outsize=4806 ok=1
Cmd: compileComputeKernel
  api=14 insize=17606 outsize=17713 ok=1
Cmd: translateComputeKernel
  api=14 insize=16820 outsize=17596 ok=1
Cmd: compileComputeKernel
  api=14 insize=5065 outsize=13009 ok=1
Cmd: translateComputeKernel
  api=14 insize=13009 outsize=8443 ok=1
Cmd: translateComputeKernel
  api=14 insize=632 outsize=520 ok=1
Cmd: compileComputeKernel
  api=14 insize=9814 outsize=5019 ok=1
Cmd: translateComputeKernel
  api=14 insize=4699 outsize=8804 ok=1
Cmd: compileComputeKernel
  api=14 insize=7700 outsize=13395 ok=1
Cmd: translateComputeKernel
  api=14 insize=13437 outsize=8439 ok=1
Cmd: compileComputeKernel
  api=14 insize=3918 outsize=10930 ok=1
Cmd: compileComputeKernel
  api=14 insize=3654 outsize=1707 ok=1
Cmd: compileComputeKernel
  api=14 insize=17632 outsize=13280 ok=1
Cmd: translateComputeKernel
  api=14 insize=3423 outsize=5018 ok=1
Cmd: compileComputeKernel
  api=14 insize=2510 outsize=894 ok=1

Quitting shader compiler process
