Using pre-set license

 COMMAND LINE ARGUMENTS:
/Applications/Unity/Hub/Editor/2020.3.4f1/Unity.app/Contents/MacOS/Unity
-adb2
-batchMode
-noUpm
-name
AssetImportWorker3
-projectPath
/Users/abhishek/VFXTry_1
-logFile
Logs/AssetImportWorker3.log
-srvPort
54608
Successfully changed project path to: /Users/abhishek/VFXTry_1
/Users/abhishek/VFXTry_1
Using Asset Import Pipeline V2.
Refreshing native plugins compatible for Editor in 90.24 ms, found 1 plugins.
Preloading 0 native plugins for Editor in 0.00 ms.
Initialize engine version: 2020.3.4f1 (0abb6314276a)
[Subsystems] Discovering subsystems at path /Applications/Unity/Hub/Editor/2020.3.4f1/Unity.app/Contents/Resources/UnitySubsystems
[Subsystems] Discovering subsystems at path /Users/abhishek/VFXTry_1/Assets
GfxDevice: creating device client; threaded=0
2021-08-13 20:50:17.943 Unity[4206:140461] iMac preferred device: Intel(R) Iris(TM) Pro Graphics 6200 (low power)
2021-08-13 20:50:17.943 Unity[4206:140461] Metal devices available: 1
2021-08-13 20:50:17.943 Unity[4206:140461] 0: Intel(R) Iris(TM) Pro Graphics 6200 (low power)
2021-08-13 20:50:17.944 Unity[4206:140461] Using device Intel(R) Iris(TM) Pro Graphics 6200 (low power)
Initializing Metal device caps: Intel(R) Iris(TM) Pro Graphics 6200
Initialize mono
Mono path[0] = '/Applications/Unity/Hub/Editor/2020.3.4f1/Unity.app/Contents/Managed'
Mono path[1] = '/Applications/Unity/Hub/Editor/2020.3.4f1/Unity.app/Contents/MonoBleedingEdge/lib/mono/unityjit'
Mono config path = '/Applications/Unity/Hub/Editor/2020.3.4f1/Unity.app/Contents/MonoBleedingEdge/etc'
Using monoOptions --debugger-agent=transport=dt_socket,embedding=1,server=y,suspend=n,address=127.0.0.1:56206
Begin MonoManager ReloadAssembly
Registering precompiled unity dll's ...
Register platform support module: /Applications/Unity/Hub/Editor/2020.3.4f1/Unity.app/Contents/PlaybackEngines/MacStandaloneSupport/UnityEditor.OSXStandalone.Extensions.dll
Registered in 0.000438 seconds.
Native extension for OSXStandalone target not found
Refreshing native plugins compatible for Editor in 81.77 ms, found 1 plugins.
Preloading 0 native plugins for Editor in 0.00 ms.
Mono: successfully reloaded assembly
- Completed reload, in  2.614 seconds
Platform modules already initialized, skipping
Registering precompiled user dll's ...
Registered in 0.000925 seconds.
Begin MonoManager ReloadAssembly
Native extension for OSXStandalone target not found
Refreshing native plugins compatible for Editor in 94.23 ms, found 1 plugins.
Preloading 0 native plugins for Editor in 0.00 ms.
Mono: successfully reloaded assembly
- Completed reload, in  5.857 seconds
Platform modules already initialized, skipping
========================================================================
Worker process is ready to serve import requests
Launching external process: /Applications/Unity/Hub/Editor/2020.3.4f1/Unity.app/Contents/Tools/UnityShaderCompiler
Launched and connected shader compiler UnityShaderCompiler after 0.04 seconds
Refreshing native plugins compatible for Editor in 0.82 ms, found 1 plugins.
Preloading 0 native plugins for Editor in 0.00 ms.
Unloading 3496 Unused Serialized files (Serialized files now loaded: 0)
System memory in use before: 255.3 MB.
System memory in use after: 251.9 MB.

Unloading 44 unused Assets to reduce memory usage. Loaded Objects now: 3922.
Total: 6.601182 ms (FindLiveObjects: 0.427113 ms CreateObjectMapping: 0.241951 ms MarkObjects: 2.713392 ms  DeleteObjects: 3.217711 ms)

========================================================================
Received Import Request.
  path: Assets/SampleSceneAssets/TutorialInfo/Readme.asset
  artifactKey: Guid(83c2ed844a8c74b779a4c823d16594b1) Importer(815301076,1909f56bfc062723c751e8b465ee728b)
Start importing Assets/SampleSceneAssets/TutorialInfo/Readme.asset using Guid(83c2ed844a8c74b779a4c823d16594b1) Importer(815301076,1909f56bfc062723c751e8b465ee728b)  -> (artifact id: '53749a4a019b3e49238c4a2b87182ddc') in 0.734408 seconds
  Import took 0.828237 seconds .

========================================================================
Received Import Request.
  Time since last request: 90.094832 seconds.
  path: Assets/SampleSceneAssets/Scripts/PlayerControllerFPS.prefab
  artifactKey: Guid(573ac53c334415945bf239de2c2f0511) Importer(815301076,1909f56bfc062723c751e8b465ee728b)
Start importing Assets/SampleSceneAssets/Scripts/PlayerControllerFPS.prefab using Guid(573ac53c334415945bf239de2c2f0511) Importer(815301076,1909f56bfc062723c751e8b465ee728b)  -> (artifact id: '0a4a23219b4675df4eb4bb9af60e2d8c') in 0.461103 seconds
  Import took 0.503311 seconds .

========================================================================
Received Prepare
Refreshing native plugins compatible for Editor in 1.23 ms, found 1 plugins.
Preloading 0 native plugins for Editor in 0.00 ms.
Unloading 36 Unused Serialized files (Serialized files now loaded: 0)
System memory in use before: 189.6 MB.
System memory in use after: 186.2 MB.

Unloading 36 unused Assets to reduce memory usage. Loaded Objects now: 3922.
Total: 7.166462 ms (FindLiveObjects: 0.478413 ms CreateObjectMapping: 0.416913 ms MarkObjects: 3.235207 ms  DeleteObjects: 3.034326 ms)

